<?xml version="1.0" encoding="UTF-8"?>
<!-- Generated by org.testng.reporters.JUnitReportReporter -->
<testsuite hostname="karishmas-MacBook-Air.local" failures="0" tests="1" name="mbile_automation_new.new_automation_mobile.app_launch_oneplus7t" time="38.277" errors="0" timestamp="2022-12-02T20:39:53 IST" skipped="0">
  <testcase classname="mbile_automation_new.new_automation_mobile.app_launch_oneplus7t" name="Testase1" time="38.277"/>
  <system-out/>
</testsuite> <!-- mbile_automation_new.new_automation_mobile.app_launch_oneplus7t -->
