<?xml version="1.0" encoding="UTF-8"?>
<!-- Generated by org.testng.reporters.JUnitReportReporter -->
<testsuite hostname="karishmas-MacBook-Air.local" failures="0" tests="1" name="mbile_automation_new.new_automation_mobile.long_click" time="19.009" errors="0" timestamp="2022-12-01T20:49:37 IST" skipped="0">
  <testcase classname="mbile_automation_new.new_automation_mobile.long_click" name="testcase2" time="19.009"/>
  <system-out/>
</testsuite> <!-- mbile_automation_new.new_automation_mobile.long_click -->
