<?xml version="1.0" encoding="UTF-8"?>
<!-- Generated by org.testng.reporters.JUnitReportReporter -->
<testsuite hostname="karishmas-MacBook-Air.local" failures="0" tests="1" name="mbile_automation_new.new_automation_mobile.Landscape" time="14.808" errors="0" timestamp="2022-12-08T21:55:13 IST" skipped="0">
  <testcase classname="mbile_automation_new.new_automation_mobile.Landscape" name="testcase5" time="14.808"/>
  <system-out/>
</testsuite> <!-- mbile_automation_new.new_automation_mobile.Landscape -->
