<?xml version="1.0" encoding="UTF-8"?>
<!-- Generated by org.testng.reporters.JUnitReportReporter -->
<testsuite hostname="karishmas-MacBook-Air.local" failures="0" tests="1" name="mbile_automation_new.new_automation_mobile.Drag_Drop" time="18.119" errors="0" timestamp="2022-12-08T21:52:02 IST" skipped="0">
  <testcase classname="mbile_automation_new.new_automation_mobile.Drag_Drop" name="testcase5" time="18.119"/>
  <system-out/>
</testsuite> <!-- mbile_automation_new.new_automation_mobile.Drag_Drop -->
