<?xml version="1.0" encoding="UTF-8"?>
<!-- Generated by org.testng.reporters.JUnitReportReporter -->
<testsuite hostname="karishmas-MacBook-Air.local" failures="0" tests="1" name="mbile_automation_new.new_automation_mobile.Scroll_down" time="14.970" errors="0" timestamp="2022-12-02T21:06:57 IST" skipped="0">
  <testcase classname="mbile_automation_new.new_automation_mobile.Scroll_down" name="testcase3" time="14.970"/>
  <system-out/>
</testsuite> <!-- mbile_automation_new.new_automation_mobile.Scroll_down -->
