<?xml version="1.0" encoding="UTF-8"?>
<!-- Generated by org.testng.reporters.JUnitReportReporter -->
<testsuite hostname="karishmas-MacBook-Air.local" failures="0" tests="1" name="mbile_automation_new.new_automation_mobile.scrolling_down_uiautomate" time="18.169" errors="0" timestamp="2022-12-01T20:50:54 IST" skipped="0">
  <testcase classname="mbile_automation_new.new_automation_mobile.scrolling_down_uiautomate" name="testcase4" time="18.169"/>
  <system-out/>
</testsuite> <!-- mbile_automation_new.new_automation_mobile.scrolling_down_uiautomate -->
